[debug] [2025-08-26T20:39:25.989Z] ----------------------------------------------------------------------
[debug] [2025-08-26T20:39:25.992Z] Command:       /Users/tyler/.nvm/versions/node/v20.13.1/bin/node /Users/tyler/.nvm/versions/node/v20.13.1/bin/firebase init
[debug] [2025-08-26T20:39:25.993Z] CLI Version:   14.14.0
[debug] [2025-08-26T20:39:25.993Z] Platform:      darwin
[debug] [2025-08-26T20:39:25.993Z] Node Version:  v20.13.1
[debug] [2025-08-26T20:39:25.993Z] Time:          Tue Aug 26 2025 15:39:25 GMT-0500 (Central Daylight Time)
[debug] [2025-08-26T20:39:25.993Z] ----------------------------------------------------------------------
[debug] 
[debug] [2025-08-26T20:39:26.002Z] > command requires scopes: ["email","openid","https://www.googleapis.com/auth/cloudplatformprojects.readonly","https://www.googleapis.com/auth/firebase","https://www.googleapis.com/auth/cloud-platform"]
[debug] [2025-08-26T20:39:26.003Z] > authorizing via signed-in user (warhursttw10@gmail.com)
[info] 
     ######## #### ########  ######## ########     ###     ######  ########
     ##        ##  ##     ## ##       ##     ##  ##   ##  ##       ##
     ######    ##  ########  ######   ########  #########  ######  ######
     ##        ##  ##    ##  ##       ##     ## ##     ##       ## ##
     ##       #### ##     ## ######## ########  ##     ##  ######  ########

You're about to initialize a Firebase project in this directory:

  /Users/tyler/Desktop/firebase-vote

[info] 
=== Project Setup
[info] 
[info] First, let's associate this project directory with a Firebase project.
[info] You can create multiple project aliases by running firebase use --add, 
[info] but for now we'll just set up a default project.
[info] 
[debug] [2025-08-26T20:40:28.822Z] Checked if tokens are valid: true, expires at: 1756244347303
[debug] [2025-08-26T20:40:28.823Z] Checked if tokens are valid: true, expires at: 1756244347303
[debug] [2025-08-26T20:40:28.827Z] >>> [apiv2][query] GET https://firebase.googleapis.com/v1beta1/projects pageSize=100
[debug] [2025-08-26T20:40:29.296Z] <<< [apiv2][status] GET https://firebase.googleapis.com/v1beta1/projects 200
[debug] [2025-08-26T20:40:29.296Z] <<< [apiv2][body] GET https://firebase.googleapis.com/v1beta1/projects [omitted]
[info] i  Using project voting-d9597 (Voting) 
[info] 
=== Hosting Setup
[debug] [2025-08-26T20:40:51.204Z] Checked if tokens are valid: true, expires at: 1756244347303
[debug] [2025-08-26T20:40:51.204Z] Checked if tokens are valid: true, expires at: 1756244347303
[debug] [2025-08-26T20:40:51.204Z] >>> [apiv2][query] GET https://firebase.googleapis.com/v1beta1/projects/voting-d9597 [none]
[debug] [2025-08-26T20:40:51.522Z] <<< [apiv2][status] GET https://firebase.googleapis.com/v1beta1/projects/voting-d9597 200
[debug] [2025-08-26T20:40:51.522Z] <<< [apiv2][body] GET https://firebase.googleapis.com/v1beta1/projects/voting-d9597 {"projectId":"voting-d9597","projectNumber":"523142592755","displayName":"Voting","name":"projects/voting-d9597","resources":{"hostingSite":"voting-d9597"},"state":"ACTIVE","etag":"1_2a8e7ff9-bcc6-4136-923d-57d104e5d2ae"}
[info] 
[info] Your public directory is the folder (relative to your project directory) that
[info] will contain Hosting assets to be uploaded with firebase deploy. If you
[info] have a build process for your assets, use your build's output directory.
[info] 
